[2022-09-02 09:40:26] local.ERROR: Invalid integer: 2388.90 {"userId":16,"exception":"[object] (Stripe\\Exception\\InvalidRequestException(code: 0): Invalid integer: 2388.90 at /Users/rahul/Documents/store/initappz/flutter/handy/handy-api/vendor/stripe/stripe-php/lib/Exception/ApiErrorException.php:38)
[stacktrace]
#0 /Users/rahul/Documents/store/initappz/flutter/handy/handy-api/vendor/stripe/stripe-php/lib/Exception/InvalidRequestException.php(35): Stripe\\Exception\\ApiErrorException::factory('Invalid integer...', 400, '{\
  \"error\": {\
...', Array, Object(Stripe\\Util\\CaseInsensitiveArray), 'parameter_inval...')
#1 /Users/rahul/Documents/store/initappz/flutter/handy/handy-api/vendor/stripe/stripe-php/lib/ApiRequestor.php(213): Stripe\\Exception\\InvalidRequestException::factory('Invalid integer...', 400, '{\
  \"error\": {\
...', Array, Object(Stripe\\Util\\CaseInsensitiveArray), 'parameter_inval...', 'amount')
#2 /Users/rahul/Documents/store/initappz/flutter/handy/handy-api/vendor/stripe/stripe-php/lib/ApiRequestor.php(175): Stripe\\ApiRequestor::_specificAPIError('{\
  \"error\": {\
...', 400, Object(Stripe\\Util\\CaseInsensitiveArray), Array, Array)
#3 /Users/rahul/Documents/store/initappz/flutter/handy/handy-api/vendor/stripe/stripe-php/lib/ApiRequestor.php(560): Stripe\\ApiRequestor->handleErrorResponse('{\
  \"error\": {\
...', 400, Object(Stripe\\Util\\CaseInsensitiveArray), Array)
#4 /Users/rahul/Documents/store/initappz/flutter/handy/handy-api/vendor/stripe/stripe-php/lib/ApiRequestor.php(124): Stripe\\ApiRequestor->_interpretResponse('{\
  \"error\": {\
...', 400, Object(Stripe\\Util\\CaseInsensitiveArray))
#5 /Users/rahul/Documents/store/initappz/flutter/handy/handy-api/vendor/stripe/stripe-php/lib/BaseStripeClient.php(134): Stripe\\ApiRequestor->request('post', '/v1/charges', Array, Array)
#6 /Users/rahul/Documents/store/initappz/flutter/handy/handy-api/vendor/stripe/stripe-php/lib/Service/AbstractService.php(75): Stripe\\BaseStripeClient->request('post', '/v1/charges', Array, Object(Stripe\\Util\\RequestOptions))
#7 /Users/rahul/Documents/store/initappz/flutter/handy/handy-api/vendor/stripe/stripe-php/lib/Service/ChargeService.php(64): Stripe\\Service\\AbstractService->request('post', '/v1/charges', Array, NULL)
#8 /Users/rahul/Documents/store/initappz/flutter/handy/handy-api/app/Http/Controllers/v1/PaymentsController.php(583): Stripe\\Service\\ChargeService->create(Array)
#9 [internal function]: App\\Http\\Controllers\\v1\\PaymentsController->createStripePayments(Object(Illuminate\\Http\\Request))
#10 /Users/rahul/Documents/store/initappz/flutter/handy/handy-api/vendor/laravel/framework/src/Illuminate/Routing/Controller.php(54): call_user_func_array(Array, Array)
#11 /Users/rahul/Documents/store/initappz/flutter/handy/handy-api/vendor/laravel/framework/src/Illuminate/Routing/ControllerDispatcher.php(45): Illuminate\\Routing\\Controller->callAction('createStripePay...', Array)
#12 /Users/rahul/Documents/store/initappz/flutter/handy/handy-api/vendor/laravel/framework/src/Illuminate/Routing/Route.php(219): Illuminate\\Routing\\ControllerDispatcher->dispatch(Object(Illuminate\\Routing\\Route), Object(App\\Http\\Controllers\\v1\\PaymentsController), 'createStripePay...')
#13 /Users/rahul/Documents/store/initappz/flutter/handy/handy-api/vendor/laravel/framework/src/Illuminate/Routing/Route.php(176): Illuminate\\Routing\\Route->runController()
#14 /Users/rahul/Documents/store/initappz/flutter/handy/handy-api/vendor/laravel/framework/src/Illuminate/Routing/Router.php(681): Illuminate\\Routing\\Route->run()
#15 /Users/rahul/Documents/store/initappz/flutter/handy/handy-api/vendor/laravel/framework/src/Illuminate/Pipeline/Pipeline.php(130): Illuminate\\Routing\\Router->Illuminate\\Routing\\{closure}(Object(Illuminate\\Http\\Request))
#16 /Users/rahul/Documents/store/initappz/flutter/handy/handy-api/vendor/tymon/jwt-auth/src/Http/Middleware/Authenticate.php(32): Illuminate\\Pipeline\\Pipeline->Illuminate\\Pipeline\\{closure}(Object(Illuminate\\Http\\Request))
#17 /Users/rahul/Documents/store/initappz/flutter/handy/handy-api/vendor/laravel/framework/src/Illuminate/Pipeline/Pipeline.php(171): Tymon\\JWTAuth\\Http\\Middleware\\Authenticate->handle(Object(Illuminate\\Http\\Request), Object(Closure))
#18 /Users/rahul/Documents/store/initappz/flutter/handy/handy-api/app/Http/Middleware/JWTMiddleware.php(47): Illuminate\\Pipeline\\Pipeline->Illuminate\\Pipeline\\{closure}(Object(Illuminate\\Http\\Request))
#19 /Users/rahul/Documents/store/initappz/flutter/handy/handy-api/vendor/laravel/framework/src/Illuminate/Pipeline/Pipeline.php(171): App\\Http\\Middleware\\JWTMiddleware->handle(Object(Illuminate\\Http\\Request), Object(Closure))
#20 /Users/rahul/Documents/store/initappz/flutter/handy/handy-api/vendor/laravel/framework/src/Illuminate/Routing/Middleware/SubstituteBindings.php(41): Illuminate\\Pipeline\\Pipeline->Illuminate\\Pipeline\\{closure}(Object(Illuminate\\Http\\Request))
#21 /Users/rahul/Documents/store/initappz/flutter/handy/handy-api/vendor/laravel/framework/src/Illuminate/Pipeline/Pipeline.php(171): Illuminate\\Routing\\Middleware\\SubstituteBindings->handle(Object(Illuminate\\Http\\Request), Object(Closure))
#22 /Users/rahul/Documents/store/initappz/flutter/handy/handy-api/vendor/laravel/framework/src/Illuminate/Routing/Middleware/ThrottleRequests.php(59): Illuminate\\Pipeline\\Pipeline->Illuminate\\Pipeline\\{closure}(Object(Illuminate\\Http\\Request))
#23 /Users/rahul/Documents/store/initappz/flutter/handy/handy-api/vendor/laravel/framework/src/Illuminate/Pipeline/Pipeline.php(171): Illuminate\\Routing\\Middleware\\ThrottleRequests->handle(Object(Illuminate\\Http\\Request), Object(Closure), 60, '1')
#24 /Users/rahul/Documents/store/initappz/flutter/handy/handy-api/vendor/laravel/framework/src/Illuminate/Pipeline/Pipeline.php(105): Illuminate\\Pipeline\\Pipeline->Illuminate\\Pipeline\\{closure}(Object(Illuminate\\Http\\Request))
#25 /Users/rahul/Documents/store/initappz/flutter/handy/handy-api/vendor/laravel/framework/src/Illuminate/Routing/Router.php(683): Illuminate\\Pipeline\\Pipeline->then(Object(Closure))
#26 /Users/rahul/Documents/store/initappz/flutter/handy/handy-api/vendor/laravel/framework/src/Illuminate/Routing/Router.php(658): Illuminate\\Routing\\Router->runRouteWithinStack(Object(Illuminate\\Routing\\Route), Object(Illuminate\\Http\\Request))
#27 /Users/rahul/Documents/store/initappz/flutter/handy/handy-api/vendor/laravel/framework/src/Illuminate/Routing/Router.php(624): Illuminate\\Routing\\Router->runRoute(Object(Illuminate\\Http\\Request), Object(Illuminate\\Routing\\Route))
#28 /Users/rahul/Documents/store/initappz/flutter/handy/handy-api/vendor/laravel/framework/src/Illuminate/Routing/Router.php(613): Illuminate\\Routing\\Router->dispatchToRoute(Object(Illuminate\\Http\\Request))
#29 /Users/rahul/Documents/store/initappz/flutter/handy/handy-api/vendor/laravel/framework/src/Illuminate/Foundation/Http/Kernel.php(170): Illuminate\\Routing\\Router->dispatch(Object(Illuminate\\Http\\Request))
#30 /Users/rahul/Documents/store/initappz/flutter/handy/handy-api/vendor/laravel/framework/src/Illuminate/Pipeline/Pipeline.php(130): Illuminate\\Foundation\\Http\\Kernel->Illuminate\\Foundation\\Http\\{closure}(Object(Illuminate\\Http\\Request))
#31 /Users/rahul/Documents/store/initappz/flutter/handy/handy-api/vendor/fruitcake/laravel-cors/src/HandleCors.php(50): Illuminate\\Pipeline\\Pipeline->Illuminate\\Pipeline\\{closure}(Object(Illuminate\\Http\\Request))
#32 /Users/rahul/Documents/store/initappz/flutter/handy/handy-api/vendor/laravel/framework/src/Illuminate/Pipeline/Pipeline.php(171): Fruitcake\\Cors\\HandleCors->handle(Object(Illuminate\\Http\\Request), Object(Closure))
#33 /Users/rahul/Documents/store/initappz/flutter/handy/handy-api/vendor/laravel/framework/src/Illuminate/Foundation/Http/Middleware/TransformsRequest.php(21): Illuminate\\Pipeline\\Pipeline->Illuminate\\Pipeline\\{closure}(Object(Illuminate\\Http\\Request))
#34 /Users/rahul/Documents/store/initappz/flutter/handy/handy-api/vendor/laravel/framework/src/Illuminate/Pipeline/Pipeline.php(171): Illuminate\\Foundation\\Http\\Middleware\\TransformsRequest->handle(Object(Illuminate\\Http\\Request), Object(Closure))
#35 /Users/rahul/Documents/store/initappz/flutter/handy/handy-api/vendor/laravel/framework/src/Illuminate/Foundation/Http/Middleware/TransformsRequest.php(21): Illuminate\\Pipeline\\Pipeline->Illuminate\\Pipeline\\{closure}(Object(Illuminate\\Http\\Request))
#36 /Users/rahul/Documents/store/initappz/flutter/handy/handy-api/vendor/laravel/framework/src/Illuminate/Pipeline/Pipeline.php(171): Illuminate\\Foundation\\Http\\Middleware\\TransformsRequest->handle(Object(Illuminate\\Http\\Request), Object(Closure))
#37 /Users/rahul/Documents/store/initappz/flutter/handy/handy-api/vendor/laravel/framework/src/Illuminate/Foundation/Http/Middleware/ValidatePostSize.php(27): Illuminate\\Pipeline\\Pipeline->Illuminate\\Pipeline\\{closure}(Object(Illuminate\\Http\\Request))
#38 /Users/rahul/Documents/store/initappz/flutter/handy/handy-api/vendor/laravel/framework/src/Illuminate/Pipeline/Pipeline.php(171): Illuminate\\Foundation\\Http\\Middleware\\ValidatePostSize->handle(Object(Illuminate\\Http\\Request), Object(Closure))
#39 /Users/rahul/Documents/store/initappz/flutter/handy/handy-api/vendor/laravel/framework/src/Illuminate/Foundation/Http/Middleware/CheckForMaintenanceMode.php(63): Illuminate\\Pipeline\\Pipeline->Illuminate\\Pipeline\\{closure}(Object(Illuminate\\Http\\Request))
#40 /Users/rahul/Documents/store/initappz/flutter/handy/handy-api/vendor/laravel/framework/src/Illuminate/Pipeline/Pipeline.php(171): Illuminate\\Foundation\\Http\\Middleware\\CheckForMaintenanceMode->handle(Object(Illuminate\\Http\\Request), Object(Closure))
#41 /Users/rahul/Documents/store/initappz/flutter/handy/handy-api/vendor/fideloper/proxy/src/TrustProxies.php(57): Illuminate\\Pipeline\\Pipeline->Illuminate\\Pipeline\\{closure}(Object(Illuminate\\Http\\Request))
#42 /Users/rahul/Documents/store/initappz/flutter/handy/handy-api/vendor/laravel/framework/src/Illuminate/Pipeline/Pipeline.php(171): Fideloper\\Proxy\\TrustProxies->handle(Object(Illuminate\\Http\\Request), Object(Closure))
#43 /Users/rahul/Documents/store/initappz/flutter/handy/handy-api/vendor/laravel/framework/src/Illuminate/Pipeline/Pipeline.php(105): Illuminate\\Pipeline\\Pipeline->Illuminate\\Pipeline\\{closure}(Object(Illuminate\\Http\\Request))
#44 /Users/rahul/Documents/store/initappz/flutter/handy/handy-api/vendor/laravel/framework/src/Illuminate/Foundation/Http/Kernel.php(145): Illuminate\\Pipeline\\Pipeline->then(Object(Closure))
#45 /Users/rahul/Documents/store/initappz/flutter/handy/handy-api/vendor/laravel/framework/src/Illuminate/Foundation/Http/Kernel.php(110): Illuminate\\Foundation\\Http\\Kernel->sendRequestThroughRouter(Object(Illuminate\\Http\\Request))
#46 /Users/rahul/Documents/store/initappz/flutter/handy/handy-api/public/index.php(55): Illuminate\\Foundation\\Http\\Kernel->handle(Object(Illuminate\\Http\\Request))
#47 /Users/rahul/Documents/store/initappz/flutter/handy/handy-api/server.php(21): require_once('/Users/rahul/Do...')
#48 {main}
"} 
[2022-09-02 10:06:18] local.ERROR: Expected response code 354 but got code "503", with message "503-All RCPT commands were rejected with this error:
503-No Such User Here"
503 Valid RCPT command must precede DATA
" {"exception":"[object] (Swift_TransportException(code: 503): Expected response code 354 but got code \"503\", with message \"503-All RCPT commands were rejected with this error:
503-No Such User Here\"
503 Valid RCPT command must precede DATA
\" at /Users/rahul/Documents/store/initappz/flutter/handy/handy-api/vendor/swiftmailer/swiftmailer/lib/classes/Swift/Transport/AbstractSmtpTransport.php:457)
[stacktrace]
#0 /Users/rahul/Documents/store/initappz/flutter/handy/handy-api/vendor/swiftmailer/swiftmailer/lib/classes/Swift/Transport/AbstractSmtpTransport.php(341): Swift_Transport_AbstractSmtpTransport->assertResponseCode('503-All RCPT co...', Array)
#1 /Users/rahul/Documents/store/initappz/flutter/handy/handy-api/vendor/swiftmailer/swiftmailer/lib/classes/Swift/Transport/EsmtpTransport.php(305): Swift_Transport_AbstractSmtpTransport->executeCommand('DATA\\
', Array, Array, false, NULL)
#2 /Users/rahul/Documents/store/initappz/flutter/handy/handy-api/vendor/swiftmailer/swiftmailer/lib/classes/Swift/Transport/AbstractSmtpTransport.php(390): Swift_Transport_EsmtpTransport->executeCommand('DATA\\
', Array, Array)
#3 /Users/rahul/Documents/store/initappz/flutter/handy/handy-api/vendor/swiftmailer/swiftmailer/lib/classes/Swift/Transport/AbstractSmtpTransport.php(497): Swift_Transport_AbstractSmtpTransport->doDataCommand(Array)
#4 /Users/rahul/Documents/store/initappz/flutter/handy/handy-api/vendor/swiftmailer/swiftmailer/lib/classes/Swift/Transport/AbstractSmtpTransport.php(516): Swift_Transport_AbstractSmtpTransport->doMailTransaction(Object(Swift_Message), 'support@initapp...', Array, Array)
#5 /Users/rahul/Documents/store/initappz/flutter/handy/handy-api/vendor/swiftmailer/swiftmailer/lib/classes/Swift/Transport/AbstractSmtpTransport.php(206): Swift_Transport_AbstractSmtpTransport->sendTo(Object(Swift_Message), 'support@initapp...', Array, Array)
#6 /Users/rahul/Documents/store/initappz/flutter/handy/handy-api/vendor/swiftmailer/swiftmailer/lib/classes/Swift/Mailer.php(71): Swift_Transport_AbstractSmtpTransport->send(Object(Swift_Message), Array)
#7 /Users/rahul/Documents/store/initappz/flutter/handy/handy-api/vendor/laravel/framework/src/Illuminate/Mail/Mailer.php(486): Swift_Mailer->send(Object(Swift_Message), Array)
#8 /Users/rahul/Documents/store/initappz/flutter/handy/handy-api/vendor/laravel/framework/src/Illuminate/Mail/Mailer.php(261): Illuminate\\Mail\\Mailer->sendSwiftMessage(Object(Swift_Message))
#9 /Users/rahul/Documents/store/initappz/flutter/handy/handy-api/vendor/laravel/framework/src/Illuminate/Support/Facades/Facade.php(261): Illuminate\\Mail\\Mailer->send('mails/register', Array, Object(Closure))
#10 /Users/rahul/Documents/store/initappz/flutter/handy/handy-api/app/Http/Controllers/v1/AuthController.php(783): Illuminate\\Support\\Facades\\Facade::__callStatic('send', Array)
#11 [internal function]: App\\Http\\Controllers\\v1\\AuthController->sendVerificationOnMail(Object(Illuminate\\Http\\Request))
#12 /Users/rahul/Documents/store/initappz/flutter/handy/handy-api/vendor/laravel/framework/src/Illuminate/Routing/Controller.php(54): call_user_func_array(Array, Array)
#13 /Users/rahul/Documents/store/initappz/flutter/handy/handy-api/vendor/laravel/framework/src/Illuminate/Routing/ControllerDispatcher.php(45): Illuminate\\Routing\\Controller->callAction('sendVerificatio...', Array)
#14 /Users/rahul/Documents/store/initappz/flutter/handy/handy-api/vendor/laravel/framework/src/Illuminate/Routing/Route.php(219): Illuminate\\Routing\\ControllerDispatcher->dispatch(Object(Illuminate\\Routing\\Route), Object(App\\Http\\Controllers\\v1\\AuthController), 'sendVerificatio...')
#15 /Users/rahul/Documents/store/initappz/flutter/handy/handy-api/vendor/laravel/framework/src/Illuminate/Routing/Route.php(176): Illuminate\\Routing\\Route->runController()
#16 /Users/rahul/Documents/store/initappz/flutter/handy/handy-api/vendor/laravel/framework/src/Illuminate/Routing/Router.php(681): Illuminate\\Routing\\Route->run()
#17 /Users/rahul/Documents/store/initappz/flutter/handy/handy-api/vendor/laravel/framework/src/Illuminate/Pipeline/Pipeline.php(130): Illuminate\\Routing\\Router->Illuminate\\Routing\\{closure}(Object(Illuminate\\Http\\Request))
#18 /Users/rahul/Documents/store/initappz/flutter/handy/handy-api/vendor/laravel/framework/src/Illuminate/Routing/Middleware/SubstituteBindings.php(41): Illuminate\\Pipeline\\Pipeline->Illuminate\\Pipeline\\{closure}(Object(Illuminate\\Http\\Request))
#19 /Users/rahul/Documents/store/initappz/flutter/handy/handy-api/vendor/laravel/framework/src/Illuminate/Pipeline/Pipeline.php(171): Illuminate\\Routing\\Middleware\\SubstituteBindings->handle(Object(Illuminate\\Http\\Request), Object(Closure))
#20 /Users/rahul/Documents/store/initappz/flutter/handy/handy-api/vendor/laravel/framework/src/Illuminate/Routing/Middleware/ThrottleRequests.php(59): Illuminate\\Pipeline\\Pipeline->Illuminate\\Pipeline\\{closure}(Object(Illuminate\\Http\\Request))
#21 /Users/rahul/Documents/store/initappz/flutter/handy/handy-api/vendor/laravel/framework/src/Illuminate/Pipeline/Pipeline.php(171): Illuminate\\Routing\\Middleware\\ThrottleRequests->handle(Object(Illuminate\\Http\\Request), Object(Closure), 60, '1')
#22 /Users/rahul/Documents/store/initappz/flutter/handy/handy-api/vendor/laravel/framework/src/Illuminate/Pipeline/Pipeline.php(105): Illuminate\\Pipeline\\Pipeline->Illuminate\\Pipeline\\{closure}(Object(Illuminate\\Http\\Request))
#23 /Users/rahul/Documents/store/initappz/flutter/handy/handy-api/vendor/laravel/framework/src/Illuminate/Routing/Router.php(683): Illuminate\\Pipeline\\Pipeline->then(Object(Closure))
#24 /Users/rahul/Documents/store/initappz/flutter/handy/handy-api/vendor/laravel/framework/src/Illuminate/Routing/Router.php(658): Illuminate\\Routing\\Router->runRouteWithinStack(Object(Illuminate\\Routing\\Route), Object(Illuminate\\Http\\Request))
#25 /Users/rahul/Documents/store/initappz/flutter/handy/handy-api/vendor/laravel/framework/src/Illuminate/Routing/Router.php(624): Illuminate\\Routing\\Router->runRoute(Object(Illuminate\\Http\\Request), Object(Illuminate\\Routing\\Route))
#26 /Users/rahul/Documents/store/initappz/flutter/handy/handy-api/vendor/laravel/framework/src/Illuminate/Routing/Router.php(613): Illuminate\\Routing\\Router->dispatchToRoute(Object(Illuminate\\Http\\Request))
#27 /Users/rahul/Documents/store/initappz/flutter/handy/handy-api/vendor/laravel/framework/src/Illuminate/Foundation/Http/Kernel.php(170): Illuminate\\Routing\\Router->dispatch(Object(Illuminate\\Http\\Request))
#28 /Users/rahul/Documents/store/initappz/flutter/handy/handy-api/vendor/laravel/framework/src/Illuminate/Pipeline/Pipeline.php(130): Illuminate\\Foundation\\Http\\Kernel->Illuminate\\Foundation\\Http\\{closure}(Object(Illuminate\\Http\\Request))
#29 /Users/rahul/Documents/store/initappz/flutter/handy/handy-api/vendor/fruitcake/laravel-cors/src/HandleCors.php(50): Illuminate\\Pipeline\\Pipeline->Illuminate\\Pipeline\\{closure}(Object(Illuminate\\Http\\Request))
#30 /Users/rahul/Documents/store/initappz/flutter/handy/handy-api/vendor/laravel/framework/src/Illuminate/Pipeline/Pipeline.php(171): Fruitcake\\Cors\\HandleCors->handle(Object(Illuminate\\Http\\Request), Object(Closure))
#31 /Users/rahul/Documents/store/initappz/flutter/handy/handy-api/vendor/laravel/framework/src/Illuminate/Foundation/Http/Middleware/TransformsRequest.php(21): Illuminate\\Pipeline\\Pipeline->Illuminate\\Pipeline\\{closure}(Object(Illuminate\\Http\\Request))
#32 /Users/rahul/Documents/store/initappz/flutter/handy/handy-api/vendor/laravel/framework/src/Illuminate/Pipeline/Pipeline.php(171): Illuminate\\Foundation\\Http\\Middleware\\TransformsRequest->handle(Object(Illuminate\\Http\\Request), Object(Closure))
#33 /Users/rahul/Documents/store/initappz/flutter/handy/handy-api/vendor/laravel/framework/src/Illuminate/Foundation/Http/Middleware/TransformsRequest.php(21): Illuminate\\Pipeline\\Pipeline->Illuminate\\Pipeline\\{closure}(Object(Illuminate\\Http\\Request))
#34 /Users/rahul/Documents/store/initappz/flutter/handy/handy-api/vendor/laravel/framework/src/Illuminate/Pipeline/Pipeline.php(171): Illuminate\\Foundation\\Http\\Middleware\\TransformsRequest->handle(Object(Illuminate\\Http\\Request), Object(Closure))
#35 /Users/rahul/Documents/store/initappz/flutter/handy/handy-api/vendor/laravel/framework/src/Illuminate/Foundation/Http/Middleware/ValidatePostSize.php(27): Illuminate\\Pipeline\\Pipeline->Illuminate\\Pipeline\\{closure}(Object(Illuminate\\Http\\Request))
#36 /Users/rahul/Documents/store/initappz/flutter/handy/handy-api/vendor/laravel/framework/src/Illuminate/Pipeline/Pipeline.php(171): Illuminate\\Foundation\\Http\\Middleware\\ValidatePostSize->handle(Object(Illuminate\\Http\\Request), Object(Closure))
#37 /Users/rahul/Documents/store/initappz/flutter/handy/handy-api/vendor/laravel/framework/src/Illuminate/Foundation/Http/Middleware/CheckForMaintenanceMode.php(63): Illuminate\\Pipeline\\Pipeline->Illuminate\\Pipeline\\{closure}(Object(Illuminate\\Http\\Request))
#38 /Users/rahul/Documents/store/initappz/flutter/handy/handy-api/vendor/laravel/framework/src/Illuminate/Pipeline/Pipeline.php(171): Illuminate\\Foundation\\Http\\Middleware\\CheckForMaintenanceMode->handle(Object(Illuminate\\Http\\Request), Object(Closure))
#39 /Users/rahul/Documents/store/initappz/flutter/handy/handy-api/vendor/fideloper/proxy/src/TrustProxies.php(57): Illuminate\\Pipeline\\Pipeline->Illuminate\\Pipeline\\{closure}(Object(Illuminate\\Http\\Request))
#40 /Users/rahul/Documents/store/initappz/flutter/handy/handy-api/vendor/laravel/framework/src/Illuminate/Pipeline/Pipeline.php(171): Fideloper\\Proxy\\TrustProxies->handle(Object(Illuminate\\Http\\Request), Object(Closure))
#41 /Users/rahul/Documents/store/initappz/flutter/handy/handy-api/vendor/laravel/framework/src/Illuminate/Pipeline/Pipeline.php(105): Illuminate\\Pipeline\\Pipeline->Illuminate\\Pipeline\\{closure}(Object(Illuminate\\Http\\Request))
#42 /Users/rahul/Documents/store/initappz/flutter/handy/handy-api/vendor/laravel/framework/src/Illuminate/Foundation/Http/Kernel.php(145): Illuminate\\Pipeline\\Pipeline->then(Object(Closure))
#43 /Users/rahul/Documents/store/initappz/flutter/handy/handy-api/vendor/laravel/framework/src/Illuminate/Foundation/Http/Kernel.php(110): Illuminate\\Foundation\\Http\\Kernel->sendRequestThroughRouter(Object(Illuminate\\Http\\Request))
#44 /Users/rahul/Documents/store/initappz/flutter/handy/handy-api/public/index.php(55): Illuminate\\Foundation\\Http\\Kernel->handle(Object(Illuminate\\Http\\Request))
#45 /Users/rahul/Documents/store/initappz/flutter/handy/handy-api/server.php(21): require_once('/Users/rahul/Do...')
#46 {main}
"} 
